<?xml version="1.0" encoding="UTF-8"?>
<testng-results ignored="4" total="6" passed="2" failed="0" skipped="0">
  <reporter-output>
  </reporter-output>
  <suite started-at="2022-08-11T22:26:20 IST" name="Suite" finished-at="2022-08-11T22:27:12 IST" duration-ms="51632">
    <groups>
      <group name="regressionTest">
        <method signature="CreateOrganizationTest.CreateOrganization1()[pri:0, instance:com.crm.Sdet.organization.CreateOrganizationTest@ffaa6af]" name="CreateOrganization1" class="com.crm.Sdet.organization.CreateOrganizationTest"/>
        <method signature="CreateProductTest.CreateProduct()[pri:0, instance:com.crm.Sdet.product.CreateProductTest@2c1b194a]" name="CreateProduct" class="com.crm.Sdet.product.CreateProductTest"/>
      </group> <!-- regressionTest -->
      <group name="smokeTest">
        <method signature="CreateOrganizationTest.CreateOrganization1()[pri:0, instance:com.crm.Sdet.organization.CreateOrganizationTest@ffaa6af]" name="CreateOrganization1" class="com.crm.Sdet.organization.CreateOrganizationTest"/>
        <method signature="CreateProductTest.CreateProduct()[pri:0, instance:com.crm.Sdet.product.CreateProductTest@2c1b194a]" name="CreateProduct" class="com.crm.Sdet.product.CreateProductTest"/>
      </group> <!-- smokeTest -->
    </groups>
    <test started-at="2022-08-11T22:26:20 IST" name="Test" finished-at="2022-08-11T22:27:12 IST" duration-ms="51632">
      <class name="com.crm.Sdet.product.CreateProductTest">
        <test-method is-config="true" signature="BC()[pri:0, instance:com.crm.Sdet.product.CreateProductTest@2c1b194a]" started-at="2022-08-11T22:26:47 IST" name="BC" finished-at="2022-08-11T22:26:49 IST" duration-ms="1844" status="PASS">
          <reporter-output>
          </reporter-output>
        </test-method> <!-- BC -->
        <test-method is-config="true" signature="BM()[pri:0, instance:com.crm.Sdet.product.CreateProductTest@2c1b194a]" started-at="2022-08-11T22:26:49 IST" name="BM" finished-at="2022-08-11T22:26:55 IST" duration-ms="6095" status="PASS">
          <reporter-output>
          </reporter-output>
        </test-method> <!-- BM -->
        <test-method signature="CreateProduct()[pri:0, instance:com.crm.Sdet.product.CreateProductTest@2c1b194a]" started-at="2022-08-11T22:26:55 IST" name="CreateProduct" finished-at="2022-08-11T22:27:12 IST" duration-ms="16602" status="PASS">
          <reporter-output>
          </reporter-output>
        </test-method> <!-- CreateProduct -->
        <test-method is-config="true" signature="AM()[pri:0, instance:com.crm.Sdet.product.CreateProductTest@2c1b194a]" started-at="2022-08-11T22:27:12 IST" name="AM" finished-at="2022-08-11T22:27:12 IST" duration-ms="1" status="PASS">
          <reporter-output>
          </reporter-output>
        </test-method> <!-- AM -->
        <test-method is-config="true" signature="AC()[pri:0, instance:com.crm.Sdet.product.CreateProductTest@2c1b194a]" started-at="2022-08-11T22:27:12 IST" name="AC" finished-at="2022-08-11T22:27:12 IST" duration-ms="0" status="PASS">
          <reporter-output>
          </reporter-output>
        </test-method> <!-- AC -->
      </class> <!-- com.crm.Sdet.product.CreateProductTest -->
      <class name="com.crm.Sdet.organization.CreateOrganizationTest">
        <test-method is-config="true" signature="BS()[pri:0, instance:com.crm.Sdet.organization.CreateOrganizationTest@ffaa6af]" started-at="2022-08-11T22:26:20 IST" name="BS" finished-at="2022-08-11T22:26:20 IST" duration-ms="10" status="PASS">
          <reporter-output>
          </reporter-output>
        </test-method> <!-- BS -->
        <test-method is-config="true" signature="BT()[pri:0, instance:com.crm.Sdet.organization.CreateOrganizationTest@ffaa6af]" started-at="2022-08-11T22:26:20 IST" name="BT" finished-at="2022-08-11T22:26:20 IST" duration-ms="0" status="PASS">
          <reporter-output>
          </reporter-output>
        </test-method> <!-- BT -->
        <test-method is-config="true" signature="BC()[pri:0, instance:com.crm.Sdet.organization.CreateOrganizationTest@ffaa6af]" started-at="2022-08-11T22:26:20 IST" name="BC" finished-at="2022-08-11T22:26:23 IST" duration-ms="2520" status="PASS">
          <reporter-output>
          </reporter-output>
        </test-method> <!-- BC -->
        <test-method is-config="true" signature="BM()[pri:0, instance:com.crm.Sdet.organization.CreateOrganizationTest@ffaa6af]" started-at="2022-08-11T22:26:23 IST" name="BM" finished-at="2022-08-11T22:26:29 IST" duration-ms="5629" status="PASS">
          <reporter-output>
          </reporter-output>
        </test-method> <!-- BM -->
        <test-method signature="CreateOrganization1()[pri:0, instance:com.crm.Sdet.organization.CreateOrganizationTest@ffaa6af]" started-at="2022-08-11T22:26:29 IST" name="CreateOrganization1" finished-at="2022-08-11T22:26:47 IST" duration-ms="18875" status="PASS">
          <reporter-output>
          </reporter-output>
        </test-method> <!-- CreateOrganization1 -->
        <test-method is-config="true" signature="AM()[pri:0, instance:com.crm.Sdet.organization.CreateOrganizationTest@ffaa6af]" started-at="2022-08-11T22:26:47 IST" name="AM" finished-at="2022-08-11T22:26:47 IST" duration-ms="1" status="PASS">
          <reporter-output>
          </reporter-output>
        </test-method> <!-- AM -->
        <test-method is-config="true" signature="AC()[pri:0, instance:com.crm.Sdet.organization.CreateOrganizationTest@ffaa6af]" started-at="2022-08-11T22:26:47 IST" name="AC" finished-at="2022-08-11T22:26:47 IST" duration-ms="0" status="PASS">
          <reporter-output>
          </reporter-output>
        </test-method> <!-- AC -->
        <test-method is-config="true" signature="AT()[pri:0, instance:com.crm.Sdet.organization.CreateOrganizationTest@ffaa6af]" started-at="2022-08-11T22:27:12 IST" name="AT" finished-at="2022-08-11T22:27:12 IST" duration-ms="0" status="PASS">
          <reporter-output>
          </reporter-output>
        </test-method> <!-- AT -->
        <test-method is-config="true" signature="AS()[pri:0, instance:com.crm.Sdet.organization.CreateOrganizationTest@ffaa6af]" started-at="2022-08-11T22:27:12 IST" name="AS" finished-at="2022-08-11T22:27:12 IST" duration-ms="1" status="PASS">
          <reporter-output>
          </reporter-output>
        </test-method> <!-- AS -->
      </class> <!-- com.crm.Sdet.organization.CreateOrganizationTest -->
    </test> <!-- Test -->
  </suite> <!-- Suite -->
</testng-results>
