<?xml version="1.0" encoding="UTF-8"?>
<!-- Generated by org.testng.reporters.JUnitXMLReporter -->
<testsuite ignored="8" hostname="DESKTOP-P27CLIA" failures="0" tests="3" name="Test1" time="76.33" errors="0" timestamp="2022-08-11T22:19:09 IST">
  <testcase classname="com.crm.Sdet.organization.CreateOrganizationTest" name="CreateOrganization1" time="18.275"/>
  <testcase classname="com.crm.Sdet.product.CreateProductTest" name="CreateProduct" time="16.459"/>
  <testcase classname="com.crm.Sdet.product.CreateanddeleteproductTest" name="Createanddeleteproduct" time="19.935"/>
  <testcase classname="comcast.crm.vtiger.genericutility.BaseClass" name="@BeforeSuite BS" time="0.0">
    <ignored/>
  </testcase> <!-- @BeforeSuite BS -->
  <testcase classname="comcast.crm.vtiger.genericutility.BaseClass" name="@BeforeSuite BS" time="0.0">
    <ignored/>
  </testcase> <!-- @BeforeSuite BS -->
  <testcase classname="comcast.crm.vtiger.genericutility.BaseClass" name="@AfterTest AT" time="0.0">
    <ignored/>
  </testcase> <!-- @AfterTest AT -->
  <testcase classname="comcast.crm.vtiger.genericutility.BaseClass" name="@AfterTest AT" time="0.0">
    <ignored/>
  </testcase> <!-- @AfterTest AT -->
  <testcase classname="comcast.crm.vtiger.genericutility.BaseClass" name="@BeforeTest BT" time="0.0">
    <ignored/>
  </testcase> <!-- @BeforeTest BT -->
  <testcase classname="comcast.crm.vtiger.genericutility.BaseClass" name="@BeforeTest BT" time="0.0">
    <ignored/>
  </testcase> <!-- @BeforeTest BT -->
  <testcase classname="comcast.crm.vtiger.genericutility.BaseClass" name="@AfterSuite AS" time="0.0">
    <ignored/>
  </testcase> <!-- @AfterSuite AS -->
  <testcase classname="comcast.crm.vtiger.genericutility.BaseClass" name="@AfterSuite AS" time="0.0">
    <ignored/>
  </testcase> <!-- @AfterSuite AS -->
</testsuite> <!-- Test1 -->
